Using pre-set license
Built from '2020.3/china_unity/release' branch; Version is '2020.3.10f1c1 (65978a05d4e9) revision 6657930'; Using compiler version '192528614'; Build Type 'Release'
OS: 'Windows 10 Pro; OS build 19041.1052; Version 2004; 64bit' Language: 'zh' Physical Memory: 16246 MB
BatchMode: 1, IsHumanControllingUs: 0, StartBugReporterOnCrash: 0, Is64bit: 1, IsPro: 0

 COMMAND LINE ARGUMENTS:
C:\Program Files\Unity\Hub\Editor\2020.3.10f1c1\Editor\Unity.exe
-adb2
-batchMode
-noUpm
-name
AssetImportWorker0
-projectPath
D:/WorkSpace/PresetKit
-logFile
Logs/AssetImportWorker0.log
-srvPort
61639
Successfully changed project path to: D:/WorkSpace/PresetKit
D:/WorkSpace/PresetKit
Using Asset Import Pipeline V2.
Refreshing native plugins compatible for Editor in 24.45 ms, found 2 plugins.
Preloading 0 native plugins for Editor in 0.00 ms.
Initialize engine version: 2020.3.10f1c1 (65978a05d4e9)
[Subsystems] Discovering subsystems at path C:/Program Files/Unity/Hub/Editor/2020.3.10f1c1/Editor/Data/Resources/UnitySubsystems
[Subsystems] Discovering subsystems at path D:/WorkSpace/PresetKit/Assets
GfxDevice: creating device client; threaded=0
Direct3D:
    Version:  Direct3D 11.0 [level 11.1]
    Renderer: Intel(R) HD Graphics 4600 (ID=0x412)
    Vendor:   
    VRAM:     2048 MB
    Driver:   20.19.15.4531
Initialize mono
Mono path[0] = 'C:/Program Files/Unity/Hub/Editor/2020.3.10f1c1/Editor/Data/Managed'
Mono path[1] = 'C:/Program Files/Unity/Hub/Editor/2020.3.10f1c1/Editor/Data/MonoBleedingEdge/lib/mono/unityjit'
Mono config path = 'C:/Program Files/Unity/Hub/Editor/2020.3.10f1c1/Editor/Data/MonoBleedingEdge/etc'
Using monoOptions --debugger-agent=transport=dt_socket,embedding=1,server=y,suspend=n,address=127.0.0.1:56008
Begin MonoManager ReloadAssembly
Registering precompiled unity dll's ...
Register platform support module: C:/Program Files/Unity/Hub/Editor/2020.3.10f1c1/Editor/Data/PlaybackEngines/WindowsStandaloneSupport/UnityEditor.WindowsStandalone.Extensions.dll
Registered in 0.001643 seconds.
Native extension for WindowsStandalone target not found
Refreshing native plugins compatible for Editor in 24.06 ms, found 2 plugins.
Preloading 0 native plugins for Editor in 0.00 ms.
Mono: successfully reloaded assembly
- Completed reload, in  1.497 seconds
Platform modules already initialized, skipping
Registering precompiled user dll's ...
Registered in 0.002202 seconds.
Begin MonoManager ReloadAssembly
Native extension for WindowsStandalone target not found
Refreshing native plugins compatible for Editor in 0.31 ms, found 2 plugins.
Preloading 0 native plugins for Editor in 0.00 ms.
Mono: successfully reloaded assembly
- Completed reload, in  1.025 seconds
Platform modules already initialized, skipping
========================================================================
Worker process is ready to serve import requests
Launched and connected shader compiler UnityShaderCompiler.exe after 0.04 seconds
Refreshing native plugins compatible for Editor in 0.48 ms, found 2 plugins.
Preloading 0 native plugins for Editor in 0.00 ms.
Unloading 1386 Unused Serialized files (Serialized files now loaded: 0)
System memory in use before: 64.5 MB.
System memory in use after: 64.6 MB.

Unloading 18 unused Assets to reduce memory usage. Loaded Objects now: 1820.
Total: 2.072100 ms (FindLiveObjects: 0.169000 ms CreateObjectMapping: 0.051100 ms MarkObjects: 1.765400 ms  DeleteObjects: 0.085700 ms)

========================================================================
Received Import Request.
  path: Assets
  artifactKey: Guid(00000000000000001000000000000000) Importer(815301076,1909f56bfc062723c751e8b465ee728b)
Start importing Assets using Guid(00000000000000001000000000000000) Importer(815301076,1909f56bfc062723c751e8b465ee728b)  -> (artifact id: '42d402b061de3733987d63b9cc3b64de') in 0.007613 seconds
  Import took 0.009750 seconds .

========================================================================
Received Import Request.
  Time since last request: 1.099541 seconds.
  path: Assets/Editor
  artifactKey: Guid(f3b7fc56973002247be28141ac788ca7) Importer(815301076,1909f56bfc062723c751e8b465ee728b)
Start importing Assets/Editor using Guid(f3b7fc56973002247be28141ac788ca7) Importer(815301076,1909f56bfc062723c751e8b465ee728b)  -> (artifact id: '09fdade7addbc7ef5cd972935981a6ae') in 0.008097 seconds
  Import took 0.011628 seconds .

========================================================================
Received Prepare
Registering precompiled user dll's ...
Registered in 0.002115 seconds.
Begin MonoManager ReloadAssembly
Native extension for WindowsStandalone target not found
Refreshing native plugins compatible for Editor in 0.32 ms, found 2 plugins.
Preloading 0 native plugins for Editor in 0.00 ms.
Mono: successfully reloaded assembly
- Completed reload, in  0.932 seconds
Platform modules already initialized, skipping
Refreshing native plugins compatible for Editor in 0.49 ms, found 2 plugins.
Preloading 0 native plugins for Editor in 0.00 ms.
Unloading 1384 Unused Serialized files (Serialized files now loaded: 0)
System memory in use before: 64.5 MB.
System memory in use after: 64.6 MB.

Unloading 13 unused Assets to reduce memory usage. Loaded Objects now: 1827.
Total: 2.257300 ms (FindLiveObjects: 0.179700 ms CreateObjectMapping: 0.083600 ms MarkObjects: 1.966900 ms  DeleteObjects: 0.026100 ms)

========================================================================
Received Import Request.
  Time since last request: 176.394578 seconds.
  path: Assets/Editor/PresetKit/PresetEditor.cs
  artifactKey: Guid(8534dc25c656bab4f8c4600658286b61) Importer(815301076,1909f56bfc062723c751e8b465ee728b)
Start importing Assets/Editor/PresetKit/PresetEditor.cs using Guid(8534dc25c656bab4f8c4600658286b61) Importer(815301076,1909f56bfc062723c751e8b465ee728b)  -> (artifact id: 'db0b639a101b61b01194dca4317100a6') in 0.032131 seconds
  Import took 0.034767 seconds .

========================================================================
Received Import Request.
  Time since last request: 1.141833 seconds.
  path: Assets/Editor/PresetKit/PresetEditor.cs
  artifactKey: Guid(8534dc25c656bab4f8c4600658286b61) Importer(815301076,1909f56bfc062723c751e8b465ee728b)
Start importing Assets/Editor/PresetKit/PresetEditor.cs using Guid(8534dc25c656bab4f8c4600658286b61) Importer(815301076,1909f56bfc062723c751e8b465ee728b)  -> (artifact id: 'db0b639a101b61b01194dca4317100a6') in 0.001747 seconds
  Import took 0.004182 seconds .

========================================================================
Received Import Request.
  Time since last request: 2.841958 seconds.
  path: Assets/Editor/PresetKit/Presets/Texture_ETC4_Alpha.preset
  artifactKey: Guid(f607ed0607b5524489aa24cf0edb8b07) Importer(815301076,1909f56bfc062723c751e8b465ee728b)
Start importing Assets/Editor/PresetKit/Presets/Texture_ETC4_Alpha.preset using Guid(f607ed0607b5524489aa24cf0edb8b07) Importer(815301076,1909f56bfc062723c751e8b465ee728b)  -> (artifact id: '15ff0459b2ae4f26284aaa3d3cff67df') in 0.018976 seconds
  Import took 0.021876 seconds .

========================================================================
Received Import Request.
  Time since last request: 0.042532 seconds.
  path: Assets/Editor/PresetKit/Presets/Texture_ETC4_Alpha.preset
  artifactKey: Guid(f607ed0607b5524489aa24cf0edb8b07) Importer(815301076,1909f56bfc062723c751e8b465ee728b)
Start importing Assets/Editor/PresetKit/Presets/Texture_ETC4_Alpha.preset using Guid(f607ed0607b5524489aa24cf0edb8b07) Importer(815301076,1909f56bfc062723c751e8b465ee728b)  -> (artifact id: '15ff0459b2ae4f26284aaa3d3cff67df') in 0.003447 seconds
  Import took 0.005785 seconds .

========================================================================
Received Import Request.
  Time since last request: 3.312026 seconds.
  path: Assets/Editor/PresetKit/Inspector/PresetInspector.cs
  artifactKey: Guid(34bd6fb119860854ab95480b1804e0c2) Importer(815301076,1909f56bfc062723c751e8b465ee728b)
Start importing Assets/Editor/PresetKit/Inspector/PresetInspector.cs using Guid(34bd6fb119860854ab95480b1804e0c2) Importer(815301076,1909f56bfc062723c751e8b465ee728b)  -> (artifact id: '4368015299f09d9858bf8c19fee535f0') in 0.006881 seconds
  Import took 0.009518 seconds .

========================================================================
Received Import Request.
  Time since last request: 14.984451 seconds.
  path: Packages/com.unity.ext.nunit
  artifactKey: Guid(25a477c2f24db8778a4179421a32cc21) Importer(815301076,1909f56bfc062723c751e8b465ee728b)
Start importing Packages/com.unity.ext.nunit using Guid(25a477c2f24db8778a4179421a32cc21) Importer(815301076,1909f56bfc062723c751e8b465ee728b)  -> (artifact id: 'de8b3f671dc9f0a57b867a67d4aae8de') in 0.011815 seconds
  Import took 0.018578 seconds .

========================================================================
Received Prepare
Registering precompiled user dll's ...
Registered in 0.002109 seconds.
Begin MonoManager ReloadAssembly
Native extension for WindowsStandalone target not found
Refreshing native plugins compatible for Editor in 0.37 ms, found 2 plugins.
Preloading 0 native plugins for Editor in 0.00 ms.
Mono: successfully reloaded assembly
- Completed reload, in  1.029 seconds
Platform modules already initialized, skipping
Refreshing native plugins compatible for Editor in 0.49 ms, found 2 plugins.
Preloading 0 native plugins for Editor in 0.00 ms.
Unloading 1352 Unused Serialized files (Serialized files now loaded: 0)
System memory in use before: 63.8 MB.
System memory in use after: 63.9 MB.

Unloading 13 unused Assets to reduce memory usage. Loaded Objects now: 1830.
Total: 2.421600 ms (FindLiveObjects: 0.171100 ms CreateObjectMapping: 0.090500 ms MarkObjects: 2.119500 ms  DeleteObjects: 0.039500 ms)

========================================================================
Received Prepare
Registering precompiled user dll's ...
Registered in 0.000919 seconds.
Begin MonoManager ReloadAssembly
Native extension for WindowsStandalone target not found
Refreshing native plugins compatible for Editor in 0.22 ms, found 0 plugins.
Preloading 0 native plugins for Editor in 0.00 ms.
Mono: successfully reloaded assembly
- Completed reload, in  1.032 seconds
Platform modules already initialized, skipping
Refreshing native plugins compatible for Editor in 2.35 ms, found 0 plugins.
Preloading 0 native plugins for Editor in 0.00 ms.
Unloading 963 Unused Serialized files (Serialized files now loaded: 0)
System memory in use before: 55.7 MB.
System memory in use after: 55.8 MB.

Unloading 4 unused Assets to reduce memory usage. Loaded Objects now: 1833.
Total: 3.978800 ms (FindLiveObjects: 0.308100 ms CreateObjectMapping: 0.243200 ms MarkObjects: 3.398400 ms  DeleteObjects: 0.027000 ms)

========================================================================
Received Prepare
Registering precompiled user dll's ...
Registered in 0.000400 seconds.
Begin MonoManager ReloadAssembly
Native extension for WindowsStandalone target not found
Refreshing native plugins compatible for Editor in 0.21 ms, found 0 plugins.
Preloading 0 native plugins for Editor in 0.00 ms.
Mono: successfully reloaded assembly
- Completed reload, in  0.837 seconds
Platform modules already initialized, skipping
Refreshing native plugins compatible for Editor in 0.29 ms, found 0 plugins.
Preloading 0 native plugins for Editor in 0.00 ms.
Unloading 956 Unused Serialized files (Serialized files now loaded: 0)
System memory in use before: 55.7 MB.
System memory in use after: 55.8 MB.

Unloading 4 unused Assets to reduce memory usage. Loaded Objects now: 1836.
Total: 1.808600 ms (FindLiveObjects: 0.164700 ms CreateObjectMapping: 0.042500 ms MarkObjects: 1.573200 ms  DeleteObjects: 0.027100 ms)

========================================================================
Received Prepare
Registering precompiled user dll's ...
Registered in 0.000362 seconds.
Begin MonoManager ReloadAssembly
Native extension for WindowsStandalone target not found
Refreshing native plugins compatible for Editor in 0.18 ms, found 0 plugins.
Preloading 0 native plugins for Editor in 0.00 ms.
Mono: successfully reloaded assembly
- Completed reload, in  0.794 seconds
Platform modules already initialized, skipping
Refreshing native plugins compatible for Editor in 0.30 ms, found 0 plugins.
Preloading 0 native plugins for Editor in 0.00 ms.
Unloading 959 Unused Serialized files (Serialized files now loaded: 0)
System memory in use before: 55.7 MB.
System memory in use after: 55.8 MB.

Unloading 4 unused Assets to reduce memory usage. Loaded Objects now: 1842.
Total: 1.918700 ms (FindLiveObjects: 0.160900 ms CreateObjectMapping: 0.067400 ms MarkObjects: 1.676000 ms  DeleteObjects: 0.013100 ms)

========================================================================
Received Import Request.
  Time since last request: 92.839236 seconds.
  path: Packages/com.unity.textmeshpro
  artifactKey: Guid(cabaa672b0e3ee91fa7b6da4daab7970) Importer(815301076,1909f56bfc062723c751e8b465ee728b)
Start importing Packages/com.unity.textmeshpro using Guid(cabaa672b0e3ee91fa7b6da4daab7970) Importer(815301076,1909f56bfc062723c751e8b465ee728b)  -> (artifact id: '169a733f15e62358392572f7d3dbae7f') in 0.011702 seconds
  Import took 0.016149 seconds .

========================================================================
Received Import Request.
  Time since last request: 0.001186 seconds.
  path: Packages/com.unity.textmeshpro
  artifactKey: Guid(cabaa672b0e3ee91fa7b6da4daab7970) Importer(815301076,1909f56bfc062723c751e8b465ee728b)
Start importing Packages/com.unity.textmeshpro using Guid(cabaa672b0e3ee91fa7b6da4daab7970) Importer(815301076,1909f56bfc062723c751e8b465ee728b)  -> (artifact id: '169a733f15e62358392572f7d3dbae7f') in 0.002032 seconds
  Import took 0.004610 seconds .

AssetImportWorkerClient::OnTransportError - code=2 error=End of file
